
> my-v0-project@0.1.0 import-csv /Users/jonathanguyen/truehome
> npx tsx scripts/import-from-csv.ts /Users/jonathanguyen/Downloads/texas-properties.csv

Schema Env Error: Error: EISDIR: illegal operation on a directory, read
[dotenv@17.2.3] injecting env (3) from .env.local -- tip: ⚙️  override existing env vars with { override: true }
Schema Env Error: Error: EISDIR: illegal operation on a directory, read
📂 Reading CSV file: /Users/jonathanguyen/Downloads/texas-properties.csv
   Processed 100 rows... (100 imported, 0 skipped, 0 errors)
   Processed 200 rows... (200 imported, 0 skipped, 0 errors)
   Processed 304 rows... (300 imported, 4 skipped, 0 errors)
   Processed 404 rows... (400 imported, 4 skipped, 0 errors)
   Processed 504 rows... (500 imported, 4 skipped, 0 errors)
   Processed 607 rows... (600 imported, 7 skipped, 0 errors)
   Processed 708 rows... (700 imported, 8 skipped, 0 errors)
   Processed 809 rows... (800 imported, 9 skipped, 0 errors)
   Processed 953 rows... (900 imported, 53 skipped, 0 errors)
   Processed 1000 rows... (900 imported, 61 skipped, 0 errors)
   Processed 1061 rows... (1000 imported, 61 skipped, 0 errors)
   Processed 1163 rows... (1100 imported, 63 skipped, 0 errors)
   Processed 1269 rows... (1200 imported, 69 skipped, 0 errors)
   Processed 1374 rows... (1300 imported, 74 skipped, 0 errors)
   Processed 1474 rows... (1400 imported, 74 skipped, 0 errors)
   Processed 1581 rows... (1500 imported, 81 skipped, 0 errors)
   Processed 1683 rows... (1600 imported, 83 skipped, 0 errors)
   Processed 1816 rows... (1700 imported, 116 skipped, 0 errors)
   Processed 1937 rows... (1800 imported, 137 skipped, 0 errors)
   Processed 2000 rows... (1850 imported, 139 skipped, 0 errors)
   Processed 2044 rows... (1900 imported, 144 skipped, 0 errors)
   Processed 2144 rows... (2000 imported, 144 skipped, 0 errors)
   Processed 2244 rows... (2100 imported, 144 skipped, 0 errors)
   Processed 2346 rows... (2200 imported, 146 skipped, 0 errors)
   Processed 2448 rows... (2300 imported, 148 skipped, 0 errors)
   Processed 2552 rows... (2400 imported, 152 skipped, 0 errors)
   Processed 2654 rows... (2500 imported, 154 skipped, 0 errors)
   Processed 2757 rows... (2600 imported, 157 skipped, 0 errors)
   Processed 2860 rows... (2700 imported, 160 skipped, 0 errors)
   Processed 2962 rows... (2800 imported, 162 skipped, 0 errors)
   Processed 3000 rows... (2800 imported, 162 skipped, 0 errors)
   Processed 3062 rows... (2900 imported, 162 skipped, 0 errors)
   Processed 3162 rows... (3000 imported, 162 skipped, 0 errors)
   Processed 3262 rows... (3100 imported, 162 skipped, 0 errors)
   Processed 3362 rows... (3200 imported, 162 skipped, 0 errors)
   Processed 3462 rows... (3300 imported, 162 skipped, 0 errors)
   Processed 3573 rows... (3400 imported, 173 skipped, 0 errors)
   Processed 3675 rows... (3500 imported, 175 skipped, 0 errors)
   Processed 3781 rows... (3600 imported, 181 skipped, 0 errors)
   Processed 3882 rows... (3700 imported, 182 skipped, 0 errors)
   Processed 3982 rows... (3800 imported, 182 skipped, 0 errors)
   Processed 4000 rows... (3800 imported, 182 skipped, 0 errors)
   Processed 4082 rows... (3900 imported, 182 skipped, 0 errors)
   Processed 4182 rows... (4000 imported, 182 skipped, 0 errors)
   Processed 4285 rows... (4100 imported, 185 skipped, 0 errors)
   Processed 4385 rows... (4200 imported, 185 skipped, 0 errors)
   Processed 4506 rows... (4300 imported, 206 skipped, 0 errors)
   Processed 4614 rows... (4400 imported, 214 skipped, 0 errors)
   Processed 4714 rows... (4500 imported, 214 skipped, 0 errors)
   Processed 4817 rows... (4600 imported, 217 skipped, 0 errors)
   Processed 4922 rows... (4700 imported, 222 skipped, 0 errors)
   Processed 5000 rows... (4750 imported, 225 skipped, 0 errors)
   Processed 5025 rows... (4800 imported, 225 skipped, 0 errors)
   Processed 5125 rows... (4900 imported, 225 skipped, 0 errors)
   Processed 5226 rows... (5000 imported, 226 skipped, 0 errors)
   Processed 5326 rows... (5100 imported, 226 skipped, 0 errors)
   Processed 5426 rows... (5200 imported, 226 skipped, 0 errors)
   Processed 5527 rows... (5300 imported, 227 skipped, 0 errors)
   Processed 5627 rows... (5400 imported, 227 skipped, 0 errors)
   Processed 5727 rows... (5500 imported, 227 skipped, 0 errors)
   Processed 5843 rows... (5600 imported, 243 skipped, 0 errors)
   Processed 5981 rows... (5700 imported, 281 skipped, 0 errors)
   Processed 6000 rows... (5700 imported, 282 skipped, 0 errors)
   Processed 6083 rows... (5800 imported, 283 skipped, 0 errors)
   Processed 6186 rows... (5900 imported, 286 skipped, 0 errors)
   Processed 6293 rows... (6000 imported, 293 skipped, 0 errors)
   Processed 6393 rows... (6100 imported, 293 skipped, 0 errors)
   Processed 6494 rows... (6200 imported, 294 skipped, 0 errors)
   Processed 6598 rows... (6300 imported, 298 skipped, 0 errors)
   Processed 6699 rows... (6400 imported, 299 skipped, 0 errors)
   Processed 6802 rows... (6500 imported, 302 skipped, 0 errors)
   Processed 6905 rows... (6600 imported, 305 skipped, 0 errors)
   Processed 7000 rows... (6650 imported, 310 skipped, 0 errors)
   Processed 7010 rows... (6700 imported, 310 skipped, 0 errors)
   Processed 7110 rows... (6800 imported, 310 skipped, 0 errors)
   Processed 7210 rows... (6900 imported, 310 skipped, 0 errors)
   Processed 7315 rows... (7000 imported, 315 skipped, 0 errors)
   Processed 7415 rows... (7100 imported, 315 skipped, 0 errors)
   Processed 7519 rows... (7200 imported, 319 skipped, 0 errors)
   Processed 7620 rows... (7300 imported, 320 skipped, 0 errors)
   Processed 7733 rows... (7400 imported, 333 skipped, 0 errors)
   Processed 7856 rows... (7500 imported, 356 skipped, 0 errors)
   Processed 7963 rows... (7600 imported, 363 skipped, 0 errors)
   Processed 8000 rows... (7600 imported, 364 skipped, 0 errors)
   Processed 8065 rows... (7700 imported, 365 skipped, 0 errors)
   Processed 8166 rows... (7800 imported, 366 skipped, 0 errors)
   Processed 8266 rows... (7900 imported, 366 skipped, 0 errors)
   Processed 8366 rows... (8000 imported, 366 skipped, 0 errors)
   Processed 8466 rows... (8100 imported, 366 skipped, 0 errors)
   Processed 8568 rows... (8200 imported, 368 skipped, 0 errors)
   Processed 8673 rows... (8300 imported, 373 skipped, 0 errors)
   Processed 8775 rows... (8400 imported, 375 skipped, 0 errors)
   Processed 8875 rows... (8500 imported, 375 skipped, 0 errors)
   Processed 8976 rows... (8600 imported, 376 skipped, 0 errors)
   Processed 9000 rows... (8600 imported, 378 skipped, 0 errors)
   Processed 9078 rows... (8700 imported, 378 skipped, 0 errors)
   Processed 9184 rows... (8800 imported, 384 skipped, 0 errors)
   Processed 9292 rows... (8900 imported, 392 skipped, 0 errors)
   Processed 9392 rows... (9000 imported, 392 skipped, 0 errors)
   Processed 9541 rows... (9100 imported, 441 skipped, 0 errors)
   Processed 9641 rows... (9200 imported, 441 skipped, 0 errors)
   Processed 9742 rows... (9300 imported, 442 skipped, 0 errors)
   Processed 9847 rows... (9400 imported, 447 skipped, 0 errors)
   Processed 9947 rows... (9500 imported, 447 skipped, 0 errors)
   Processed 10000 rows... (9550 imported, 447 skipped, 0 errors)
   Processed 10050 rows... (9600 imported, 450 skipped, 0 errors)
   Processed 10155 rows... (9700 imported, 455 skipped, 0 errors)
   Processed 10256 rows... (9800 imported, 456 skipped, 0 errors)
   Processed 10362 rows... (9900 imported, 462 skipped, 0 errors)
   Processed 10466 rows... (10000 imported, 466 skipped, 0 errors)
   Processed 10566 rows... (10100 imported, 466 skipped, 0 errors)
   Processed 10666 rows... (10200 imported, 466 skipped, 0 errors)
   Processed 10767 rows... (10300 imported, 467 skipped, 0 errors)
   Processed 10875 rows... (10400 imported, 475 skipped, 0 errors)
   Processed 10975 rows... (10500 imported, 475 skipped, 0 errors)
   Processed 11000 rows... (10500 imported, 475 skipped, 0 errors)
   Processed 11075 rows... (10600 imported, 475 skipped, 0 errors)
   Processed 11175 rows... (10700 imported, 475 skipped, 0 errors)
   Processed 11278 rows... (10800 imported, 478 skipped, 0 errors)
   Processed 11379 rows... (10900 imported, 479 skipped, 0 errors)
   Processed 11479 rows... (11000 imported, 479 skipped, 0 errors)
   Processed 11639 rows... (11100 imported, 539 skipped, 0 errors)
   Processed 11742 rows... (11200 imported, 542 skipped, 0 errors)
   Processed 11842 rows... (11300 imported, 542 skipped, 0 errors)
   Processed 11942 rows... (11400 imported, 542 skipped, 0 errors)
   Processed 12000 rows... (11450 imported, 542 skipped, 0 errors)
   Processed 12044 rows... (11500 imported, 544 skipped, 0 errors)
   Processed 12144 rows... (11600 imported, 544 skipped, 0 errors)
   Processed 12252 rows... (11700 imported, 552 skipped, 0 errors)
   Processed 12353 rows... (11800 imported, 553 skipped, 0 errors)
   Processed 12462 rows... (11900 imported, 562 skipped, 0 errors)
   Processed 12568 rows... (12000 imported, 568 skipped, 0 errors)
   Processed 12669 rows... (12100 imported, 569 skipped, 0 errors)
   Processed 12781 rows... (12200 imported, 581 skipped, 0 errors)
   Processed 12889 rows... (12300 imported, 589 skipped, 0 errors)
   Processed 12990 rows... (12400 imported, 590 skipped, 0 errors)
   Processed 13000 rows... (12400 imported, 595 skipped, 0 errors)
   Processed 13107 rows... (12500 imported, 607 skipped, 0 errors)
   Processed 13209 rows... (12600 imported, 609 skipped, 0 errors)
   Processed 13310 rows... (12700 imported, 610 skipped, 0 errors)
   Processed 13416 rows... (12800 imported, 616 skipped, 0 errors)
   Processed 13517 rows... (12900 imported, 617 skipped, 0 errors)
   Processed 13642 rows... (13000 imported, 642 skipped, 0 errors)
   Processed 13744 rows... (13100 imported, 644 skipped, 0 errors)
   Processed 13849 rows... (13200 imported, 649 skipped, 0 errors)
   Processed 13949 rows... (13300 imported, 649 skipped, 0 errors)
   Processed 14000 rows... (13300 imported, 652 skipped, 0 errors)
   Processed 14053 rows... (13400 imported, 653 skipped, 0 errors)
   Processed 14154 rows... (13500 imported, 654 skipped, 0 errors)
   Processed 14255 rows... (13600 imported, 655 skipped, 0 errors)
   Processed 14366 rows... (13700 imported, 666 skipped, 0 errors)
   Processed 14483 rows... (13800 imported, 683 skipped, 0 errors)
   Processed 14583 rows... (13900 imported, 683 skipped, 0 errors)
   Processed 14683 rows... (14000 imported, 683 skipped, 0 errors)
   Processed 14784 rows... (14100 imported, 684 skipped, 0 errors)
   Processed 14885 rows... (14200 imported, 685 skipped, 0 errors)
   Processed 14986 rows... (14300 imported, 686 skipped, 0 errors)
   Processed 15000 rows... (14300 imported, 687 skipped, 0 errors)
   Processed 15091 rows... (14400 imported, 691 skipped, 0 errors)
   Processed 15191 rows... (14500 imported, 691 skipped, 0 errors)
   Processed 15293 rows... (14600 imported, 693 skipped, 0 errors)
   Processed 15394 rows... (14700 imported, 694 skipped, 0 errors)
   Processed 15498 rows... (14800 imported, 698 skipped, 0 errors)
   Processed 15601 rows... (14900 imported, 701 skipped, 0 errors)
   Processed 15713 rows... (15000 imported, 713 skipped, 0 errors)
   Processed 15813 rows... (15100 imported, 713 skipped, 0 errors)
   Processed 15915 rows... (15200 imported, 715 skipped, 0 errors)
   Processed 16000 rows... (15250 imported, 715 skipped, 0 errors)
   Processed 16015 rows... (15300 imported, 715 skipped, 0 errors)
   Processed 16115 rows... (15400 imported, 715 skipped, 0 errors)
   Processed 16218 rows... (15500 imported, 718 skipped, 0 errors)
   Processed 16322 rows... (15600 imported, 722 skipped, 0 errors)
   Processed 16423 rows... (15700 imported, 723 skipped, 0 errors)
   Processed 16524 rows... (15800 imported, 724 skipped, 0 errors)
   Processed 16624 rows... (15900 imported, 724 skipped, 0 errors)
   Processed 16727 rows... (16000 imported, 727 skipped, 0 errors)
   Processed 16829 rows... (16100 imported, 729 skipped, 0 errors)
   Processed 16938 rows... (16200 imported, 738 skipped, 0 errors)
   Processed 17000 rows... (16250 imported, 738 skipped, 0 errors)
   Processed 17038 rows... (16300 imported, 738 skipped, 0 errors)
   Processed 17138 rows... (16400 imported, 738 skipped, 0 errors)
   Processed 17247 rows... (16500 imported, 747 skipped, 0 errors)
   Processed 17387 rows... (16600 imported, 787 skipped, 0 errors)
   Processed 17489 rows... (16700 imported, 789 skipped, 0 errors)
   Processed 17592 rows... (16800 imported, 792 skipped, 0 errors)
   Processed 17693 rows... (16900 imported, 793 skipped, 0 errors)
   Processed 17795 rows... (17000 imported, 795 skipped, 0 errors)
   Processed 17895 rows... (17100 imported, 795 skipped, 0 errors)
   Processed 17995 rows... (17200 imported, 795 skipped, 0 errors)
   Processed 18000 rows... (17200 imported, 795 skipped, 0 errors)
   Processed 18099 rows... (17300 imported, 799 skipped, 0 errors)
   Processed 18200 rows... (17400 imported, 800 skipped, 0 errors)
   Processed 18300 rows... (17500 imported, 800 skipped, 0 errors)
   Processed 18401 rows... (17600 imported, 801 skipped, 0 errors)
   Processed 18504 rows... (17700 imported, 804 skipped, 0 errors)
   Processed 18604 rows... (17800 imported, 804 skipped, 0 errors)
   Processed 18751 rows... (17900 imported, 851 skipped, 0 errors)
   Processed 18893 rows... (18000 imported, 893 skipped, 0 errors)
   Processed 18995 rows... (18100 imported, 895 skipped, 0 errors)
   Processed 19000 rows... (18100 imported, 895 skipped, 0 errors)
   Processed 19097 rows... (18200 imported, 897 skipped, 0 errors)
   Processed 19197 rows... (18300 imported, 897 skipped, 0 errors)
   Processed 19300 rows... (18400 imported, 900 skipped, 0 errors)
   Processed 19403 rows... (18500 imported, 903 skipped, 0 errors)
   Processed 19506 rows... (18600 imported, 906 skipped, 0 errors)
   Processed 19606 rows... (18700 imported, 906 skipped, 0 errors)
   Processed 19707 rows... (18800 imported, 907 skipped, 0 errors)
   Processed 19840 rows... (18900 imported, 940 skipped, 0 errors)
   Processed 19972 rows... (19000 imported, 972 skipped, 0 errors)
   Processed 20000 rows... (19000 imported, 972 skipped, 0 errors)
   Processed 20075 rows... (19100 imported, 975 skipped, 0 errors)
   Processed 20176 rows... (19200 imported, 976 skipped, 0 errors)
   Processed 20276 rows... (19300 imported, 976 skipped, 0 errors)
   Processed 20376 rows... (19400 imported, 976 skipped, 0 errors)
   Processed 20480 rows... (19500 imported, 980 skipped, 0 errors)
   Processed 20582 rows... (19600 imported, 982 skipped, 0 errors)
   Processed 20682 rows... (19700 imported, 982 skipped, 0 errors)
   Processed 20783 rows... (19800 imported, 983 skipped, 0 errors)
   Processed 20885 rows... (19900 imported, 985 skipped, 0 errors)
   Processed 20985 rows... (20000 imported, 985 skipped, 0 errors)
   Processed 21000 rows... (20000 imported, 985 skipped, 0 errors)
   Processed 21085 rows... (20100 imported, 985 skipped, 0 errors)
   Processed 21189 rows... (20200 imported, 989 skipped, 0 errors)
   Processed 21299 rows... (20300 imported, 999 skipped, 0 errors)
   Processed 21400 rows... (20400 imported, 1000 skipped, 0 errors)
   Processed 21501 rows... (20500 imported, 1001 skipped, 0 errors)
   Processed 21604 rows... (20600 imported, 1004 skipped, 0 errors)
   Processed 21710 rows... (20700 imported, 1010 skipped, 0 errors)
   Processed 21810 rows... (20800 imported, 1010 skipped, 0 errors)
   Processed 21917 rows... (20900 imported, 1017 skipped, 0 errors)
   Processed 22000 rows... (20950 imported, 1017 skipped, 0 errors)
   Processed 22017 rows... (21000 imported, 1017 skipped, 0 errors)
   Processed 22117 rows... (21100 imported, 1017 skipped, 0 errors)
   Processed 22218 rows... (21200 imported, 1018 skipped, 0 errors)
   Processed 22318 rows... (21300 imported, 1018 skipped, 0 errors)
   Processed 22420 rows... (21400 imported, 1020 skipped, 0 errors)
   Processed 22525 rows... (21500 imported, 1025 skipped, 0 errors)
   Processed 22626 rows... (21600 imported, 1026 skipped, 0 errors)
   Processed 22727 rows... (21700 imported, 1027 skipped, 0 errors)
   Processed 22834 rows... (21800 imported, 1034 skipped, 0 errors)
   Processed 22940 rows... (21900 imported, 1040 skipped, 0 errors)
   Processed 23000 rows... (21900 imported, 1053 skipped, 0 errors)
   Processed 23054 rows... (22000 imported, 1054 skipped, 0 errors)
   Processed 23167 rows... (22100 imported, 1067 skipped, 0 errors)
   Processed 23274 rows... (22200 imported, 1074 skipped, 0 errors)
   Processed 23376 rows... (22300 imported, 1076 skipped, 0 errors)
   Processed 23476 rows... (22400 imported, 1076 skipped, 0 errors)
   Processed 23579 rows... (22500 imported, 1079 skipped, 0 errors)
   Processed 23680 rows... (22600 imported, 1080 skipped, 0 errors)
   Processed 23783 rows... (22700 imported, 1083 skipped, 0 errors)
   Processed 23886 rows... (22800 imported, 1086 skipped, 0 errors)
   Processed 23986 rows... (22900 imported, 1086 skipped, 0 errors)
   Processed 24000 rows... (22900 imported, 1086 skipped, 0 errors)
   Processed 24086 rows... (23000 imported, 1086 skipped, 0 errors)
   Processed 24190 rows... (23100 imported, 1090 skipped, 0 errors)
   Processed 24291 rows... (23200 imported, 1091 skipped, 0 errors)
   Processed 24395 rows... (23300 imported, 1095 skipped, 0 errors)
   Processed 24496 rows... (23400 imported, 1096 skipped, 0 errors)
   Processed 24596 rows... (23500 imported, 1096 skipped, 0 errors)
   Processed 24697 rows... (23600 imported, 1097 skipped, 0 errors)
   Processed 24801 rows... (23700 imported, 1101 skipped, 0 errors)
   Processed 24903 rows... (23800 imported, 1103 skipped, 0 errors)
   Processed 25000 rows... (23850 imported, 1105 skipped, 0 errors)
   Processed 25005 rows... (23900 imported, 1105 skipped, 0 errors)
   Processed 25105 rows... (24000 imported, 1105 skipped, 0 errors)
   Processed 25206 rows... (24100 imported, 1106 skipped, 0 errors)
   Processed 25328 rows... (24200 imported, 1128 skipped, 0 errors)
   Processed 25428 rows... (24300 imported, 1128 skipped, 0 errors)
   Processed 25528 rows... (24400 imported, 1128 skipped, 0 errors)
   Processed 25664 rows... (24500 imported, 1164 skipped, 0 errors)
   Processed 25764 rows... (24600 imported, 1164 skipped, 0 errors)
   Processed 25865 rows... (24700 imported, 1165 skipped, 0 errors)
   Processed 25965 rows... (24800 imported, 1165 skipped, 0 errors)
   Processed 26000 rows... (24800 imported, 1165 skipped, 0 errors)
   Processed 26065 rows... (24900 imported, 1165 skipped, 0 errors)
   Processed 26166 rows... (25000 imported, 1166 skipped, 0 errors)
   Processed 26266 rows... (25100 imported, 1166 skipped, 0 errors)
   Processed 26366 rows... (25200 imported, 1166 skipped, 0 errors)
   Processed 26466 rows... (25300 imported, 1166 skipped, 0 errors)
   Processed 26566 rows... (25400 imported, 1166 skipped, 0 errors)
   Processed 26666 rows... (25500 imported, 1166 skipped, 0 errors)
   Processed 26766 rows... (25600 imported, 1166 skipped, 0 errors)
   Processed 26866 rows... (25700 imported, 1166 skipped, 0 errors)
   Processed 26966 rows... (25800 imported, 1166 skipped, 0 errors)
   Processed 27000 rows... (25800 imported, 1166 skipped, 0 errors)
   Processed 27079 rows... (25900 imported, 1179 skipped, 0 errors)
   Processed 27179 rows... (26000 imported, 1179 skipped, 0 errors)
   Processed 27282 rows... (26100 imported, 1182 skipped, 0 errors)
   Processed 27383 rows... (26200 imported, 1183 skipped, 0 errors)
   Processed 27483 rows... (26300 imported, 1183 skipped, 0 errors)
   Processed 27583 rows... (26400 imported, 1183 skipped, 0 errors)
   Processed 27683 rows... (26500 imported, 1183 skipped, 0 errors)
   Processed 27783 rows... (26600 imported, 1183 skipped, 0 errors)
   Processed 27884 rows... (26700 imported, 1184 skipped, 0 errors)
   Processed 27985 rows... (26800 imported, 1185 skipped, 0 errors)
   Processed 28000 rows... (26800 imported, 1186 skipped, 0 errors)
   Processed 28087 rows... (26900 imported, 1187 skipped, 0 errors)
   Processed 28194 rows... (27000 imported, 1194 skipped, 0 errors)
   Processed 28295 rows... (27100 imported, 1195 skipped, 0 errors)
   Processed 28398 rows... (27200 imported, 1198 skipped, 0 errors)
   Processed 28509 rows... (27300 imported, 1209 skipped, 0 errors)
   Processed 28609 rows... (27400 imported, 1209 skipped, 0 errors)
   Processed 28709 rows... (27500 imported, 1209 skipped, 0 errors)
   Processed 28809 rows... (27600 imported, 1209 skipped, 0 errors)
   Processed 28915 rows... (27700 imported, 1215 skipped, 0 errors)
   Processed 29000 rows... (27750 imported, 1215 skipped, 0 errors)
   Processed 29015 rows... (27800 imported, 1215 skipped, 0 errors)
   Processed 29115 rows... (27900 imported, 1215 skipped, 0 errors)
   Processed 29220 rows... (28000 imported, 1220 skipped, 0 errors)
   Processed 29323 rows... (28100 imported, 1223 skipped, 0 errors)
   Processed 29425 rows... (28200 imported, 1225 skipped, 0 errors)
   Processed 29525 rows... (28300 imported, 1225 skipped, 0 errors)
   Processed 29629 rows... (28400 imported, 1229 skipped, 0 errors)
   Processed 29732 rows... (28500 imported, 1232 skipped, 0 errors)
   Processed 29835 rows... (28600 imported, 1235 skipped, 0 errors)
   Processed 29935 rows... (28700 imported, 1235 skipped, 0 errors)
   Processed 30000 rows... (28750 imported, 1235 skipped, 0 errors)
   Processed 30037 rows... (28800 imported, 1237 skipped, 0 errors)
   Processed 30145 rows... (28900 imported, 1245 skipped, 0 errors)
   Processed 30248 rows... (29000 imported, 1248 skipped, 0 errors)
   Processed 30352 rows... (29100 imported, 1252 skipped, 0 errors)
   Processed 30456 rows... (29200 imported, 1256 skipped, 0 errors)
   Processed 30556 rows... (29300 imported, 1256 skipped, 0 errors)
   Processed 30656 rows... (29400 imported, 1256 skipped, 0 errors)
   Processed 30756 rows... (29500 imported, 1256 skipped, 0 errors)
   Processed 30860 rows... (29600 imported, 1260 skipped, 0 errors)
   Processed 30960 rows... (29700 imported, 1260 skipped, 0 errors)
   Processed 31000 rows... (29700 imported, 1260 skipped, 0 errors)
   Processed 31060 rows... (29800 imported, 1260 skipped, 0 errors)
   Processed 31160 rows... (29900 imported, 1260 skipped, 0 errors)
   Processed 31262 rows... (30000 imported, 1262 skipped, 0 errors)
   Processed 31362 rows... (30100 imported, 1262 skipped, 0 errors)
   Processed 31462 rows... (30200 imported, 1262 skipped, 0 errors)
   Processed 31564 rows... (30300 imported, 1264 skipped, 0 errors)
   Processed 31665 rows... (30400 imported, 1265 skipped, 0 errors)
   Processed 31766 rows... (30500 imported, 1266 skipped, 0 errors)
   Processed 31866 rows... (30600 imported, 1266 skipped, 0 errors)
   Processed 31966 rows... (30700 imported, 1266 skipped, 0 errors)
   Processed 32000 rows... (30700 imported, 1266 skipped, 0 errors)
   Processed 32066 rows... (30800 imported, 1266 skipped, 0 errors)
   Processed 32169 rows... (30900 imported, 1269 skipped, 0 errors)
   Processed 32275 rows... (31000 imported, 1275 skipped, 0 errors)
   Processed 32375 rows... (31100 imported, 1275 skipped, 0 errors)
   Processed 32476 rows... (31200 imported, 1276 skipped, 0 errors)
   Processed 32578 rows... (31300 imported, 1278 skipped, 0 errors)
   Processed 32685 rows... (31400 imported, 1285 skipped, 0 errors)
   Processed 32787 rows... (31500 imported, 1287 skipped, 0 errors)
   Processed 32887 rows... (31600 imported, 1287 skipped, 0 errors)
   Processed 32988 rows... (31700 imported, 1288 skipped, 0 errors)
   Processed 33000 rows... (31700 imported, 1288 skipped, 0 errors)
   Processed 33088 rows... (31800 imported, 1288 skipped, 0 errors)
   Processed 33188 rows... (31900 imported, 1288 skipped, 0 errors)
   Processed 33288 rows... (32000 imported, 1288 skipped, 0 errors)
   Processed 33388 rows... (32100 imported, 1288 skipped, 0 errors)
   Processed 33488 rows... (32200 imported, 1288 skipped, 0 errors)
   Processed 33588 rows... (32300 imported, 1288 skipped, 0 errors)
   Processed 33692 rows... (32400 imported, 1292 skipped, 0 errors)
   Processed 33794 rows... (32500 imported, 1294 skipped, 0 errors)
   Processed 33894 rows... (32600 imported, 1294 skipped, 0 errors)
   Processed 34000 rows... (32700 imported, 1300 skipped, 0 errors)
   Processed 34000 rows... (32700 imported, 1300 skipped, 0 errors)
   Processed 34104 rows... (32800 imported, 1304 skipped, 0 errors)
   Processed 34204 rows... (32900 imported, 1304 skipped, 0 errors)
   Processed 34304 rows... (33000 imported, 1304 skipped, 0 errors)
   Processed 34410 rows... (33100 imported, 1310 skipped, 0 errors)
   Processed 34510 rows... (33200 imported, 1310 skipped, 0 errors)
   Processed 34616 rows... (33300 imported, 1316 skipped, 0 errors)
   Processed 34720 rows... (33400 imported, 1320 skipped, 0 errors)
   Processed 34822 rows... (33500 imported, 1322 skipped, 0 errors)
   Processed 34925 rows... (33600 imported, 1325 skipped, 0 errors)
   Processed 35000 rows... (33650 imported, 1325 skipped, 0 errors)
   Processed 35026 rows... (33700 imported, 1326 skipped, 0 errors)
   Processed 35135 rows... (33800 imported, 1335 skipped, 0 errors)
   Processed 35253 rows... (33900 imported, 1353 skipped, 0 errors)
   Processed 35353 rows... (34000 imported, 1353 skipped, 0 errors)
   Processed 35453 rows... (34100 imported, 1353 skipped, 0 errors)
   Processed 35553 rows... (34200 imported, 1353 skipped, 0 errors)
   Processed 35653 rows... (34300 imported, 1353 skipped, 0 errors)
   Processed 35756 rows... (34400 imported, 1356 skipped, 0 errors)
   Processed 35859 rows... (34500 imported, 1359 skipped, 0 errors)
   Processed 35959 rows... (34600 imported, 1359 skipped, 0 errors)
   Processed 36000 rows... (34600 imported, 1359 skipped, 0 errors)
   Processed 36059 rows... (34700 imported, 1359 skipped, 0 errors)
   Processed 36159 rows... (34800 imported, 1359 skipped, 0 errors)
   Processed 36259 rows... (34900 imported, 1359 skipped, 0 errors)
   Processed 36360 rows... (35000 imported, 1360 skipped, 0 errors)
   Processed 36462 rows... (35100 imported, 1362 skipped, 0 errors)
   Processed 36562 rows... (35200 imported, 1362 skipped, 0 errors)
   Processed 36662 rows... (35300 imported, 1362 skipped, 0 errors)
   Processed 36764 rows... (35400 imported, 1364 skipped, 0 errors)
   Processed 36865 rows... (35500 imported, 1365 skipped, 0 errors)
   Processed 36967 rows... (35600 imported, 1367 skipped, 0 errors)
   Processed 37000 rows... (35600 imported, 1367 skipped, 0 errors)
   Processed 37067 rows... (35700 imported, 1367 skipped, 0 errors)
   Processed 37168 rows... (35800 imported, 1368 skipped, 0 errors)
   Processed 37269 rows... (35900 imported, 1369 skipped, 0 errors)
   Processed 37372 rows... (36000 imported, 1372 skipped, 0 errors)
   Processed 37472 rows... (36100 imported, 1372 skipped, 0 errors)
   Processed 37575 rows... (36200 imported, 1375 skipped, 0 errors)
   Processed 37675 rows... (36300 imported, 1375 skipped, 0 errors)
   Processed 37775 rows... (36400 imported, 1375 skipped, 0 errors)
   Processed 37876 rows... (36500 imported, 1376 skipped, 0 errors)
   Processed 37976 rows... (36600 imported, 1376 skipped, 0 errors)
   Processed 38000 rows... (36600 imported, 1376 skipped, 0 errors)
   Processed 38077 rows... (36700 imported, 1377 skipped, 0 errors)
   Processed 38177 rows... (36800 imported, 1377 skipped, 0 errors)
   Processed 38285 rows... (36900 imported, 1385 skipped, 0 errors)
   Processed 38385 rows... (37000 imported, 1385 skipped, 0 errors)
   Processed 38485 rows... (37100 imported, 1385 skipped, 0 errors)
   Processed 38585 rows... (37200 imported, 1385 skipped, 0 errors)
   Processed 38686 rows... (37300 imported, 1386 skipped, 0 errors)
   Processed 38812 rows... (37400 imported, 1412 skipped, 0 errors)
   Processed 38912 rows... (37500 imported, 1412 skipped, 0 errors)
   Processed 39000 rows... (37550 imported, 1412 skipped, 0 errors)
   Processed 39012 rows... (37600 imported, 1412 skipped, 0 errors)
   Processed 39118 rows... (37700 imported, 1418 skipped, 0 errors)
   Processed 39218 rows... (37800 imported, 1418 skipped, 0 errors)
   Processed 39318 rows... (37900 imported, 1418 skipped, 0 errors)
   Processed 39418 rows... (38000 imported, 1418 skipped, 0 errors)
   Processed 39519 rows... (38100 imported, 1419 skipped, 0 errors)
   Processed 39619 rows... (38200 imported, 1419 skipped, 0 errors)
   Processed 39719 rows... (38300 imported, 1419 skipped, 0 errors)
   Processed 39821 rows... (38400 imported, 1421 skipped, 0 errors)
   Processed 39921 rows... (38500 imported, 1421 skipped, 0 errors)
   Processed 40000 rows... (38550 imported, 1421 skipped, 0 errors)
   Processed 40021 rows... (38600 imported, 1421 skipped, 0 errors)
   Processed 40121 rows... (38700 imported, 1421 skipped, 0 errors)
   Processed 40223 rows... (38800 imported, 1423 skipped, 0 errors)
   Processed 40324 rows... (38900 imported, 1424 skipped, 0 errors)
   Processed 40427 rows... (39000 imported, 1427 skipped, 0 errors)
   Processed 40528 rows... (39100 imported, 1428 skipped, 0 errors)
   Processed 40632 rows... (39200 imported, 1432 skipped, 0 errors)
   Processed 40771 rows... (39300 imported, 1471 skipped, 0 errors)
   Processed 40879 rows... (39400 imported, 1479 skipped, 0 errors)
   Processed 40979 rows... (39500 imported, 1479 skipped, 0 errors)
   Processed 41000 rows... (39500 imported, 1479 skipped, 0 errors)
   Processed 41079 rows... (39600 imported, 1479 skipped, 0 errors)
   Processed 41181 rows... (39700 imported, 1481 skipped, 0 errors)
   Processed 41283 rows... (39800 imported, 1483 skipped, 0 errors)
   Processed 41383 rows... (39900 imported, 1483 skipped, 0 errors)
   Processed 41483 rows... (40000 imported, 1483 skipped, 0 errors)
   Processed 41583 rows... (40100 imported, 1483 skipped, 0 errors)
   Processed 41688 rows... (40200 imported, 1488 skipped, 0 errors)
   Processed 41790 rows... (40300 imported, 1490 skipped, 0 errors)
   Processed 41907 rows... (40400 imported, 1507 skipped, 0 errors)
   Processed 42000 rows... (40450 imported, 1507 skipped, 0 errors)
   Processed 42007 rows... (40500 imported, 1507 skipped, 0 errors)
   Processed 42107 rows... (40600 imported, 1507 skipped, 0 errors)
   Processed 42213 rows... (40700 imported, 1513 skipped, 0 errors)
   Processed 42313 rows... (40800 imported, 1513 skipped, 0 errors)
   Processed 42415 rows... (40900 imported, 1515 skipped, 0 errors)
   Processed 42525 rows... (41000 imported, 1525 skipped, 0 errors)
   Processed 42629 rows... (41100 imported, 1529 skipped, 0 errors)
   Processed 42734 rows... (41200 imported, 1534 skipped, 0 errors)
   Processed 42841 rows... (41300 imported, 1541 skipped, 0 errors)
   Processed 42948 rows... (41400 imported, 1548 skipped, 0 errors)
   Processed 43000 rows... (41450 imported, 1548 skipped, 0 errors)
   Processed 43048 rows... (41500 imported, 1548 skipped, 0 errors)
   Processed 43148 rows... (41600 imported, 1548 skipped, 0 errors)
   Processed 43249 rows... (41700 imported, 1549 skipped, 0 errors)
   Processed 43353 rows... (41800 imported, 1553 skipped, 0 errors)
   Processed 43455 rows... (41900 imported, 1555 skipped, 0 errors)
   Processed 43555 rows... (42000 imported, 1555 skipped, 0 errors)
   Processed 43655 rows... (42100 imported, 1555 skipped, 0 errors)
   Processed 43757 rows... (42200 imported, 1557 skipped, 0 errors)
   Processed 43866 rows... (42300 imported, 1566 skipped, 0 errors)
   Processed 43968 rows... (42400 imported, 1568 skipped, 0 errors)
   Processed 44000 rows... (42400 imported, 1568 skipped, 0 errors)
   Processed 44070 rows... (42500 imported, 1570 skipped, 0 errors)
   Processed 44174 rows... (42600 imported, 1574 skipped, 0 errors)
   Processed 44289 rows... (42700 imported, 1589 skipped, 0 errors)
   Processed 44389 rows... (42800 imported, 1589 skipped, 0 errors)
   Processed 44491 rows... (42900 imported, 1591 skipped, 0 errors)
   Processed 44591 rows... (43000 imported, 1591 skipped, 0 errors)
   Processed 44693 rows... (43100 imported, 1593 skipped, 0 errors)
   Processed 44794 rows... (43200 imported, 1594 skipped, 0 errors)
   Processed 44901 rows... (43300 imported, 1601 skipped, 0 errors)
   Processed 45000 rows... (43350 imported, 1601 skipped, 0 errors)
   Processed 45001 rows... (43400 imported, 1601 skipped, 0 errors)
   Processed 45102 rows... (43500 imported, 1602 skipped, 0 errors)
   Processed 45202 rows... (43600 imported, 1602 skipped, 0 errors)
   Processed 45302 rows... (43700 imported, 1602 skipped, 0 errors)
   Processed 45408 rows... (43800 imported, 1608 skipped, 0 errors)
   Processed 45519 rows... (43900 imported, 1619 skipped, 0 errors)
   Processed 45620 rows... (44000 imported, 1620 skipped, 0 errors)
   Processed 45723 rows... (44100 imported, 1623 skipped, 0 errors)
   Processed 45823 rows... (44200 imported, 1623 skipped, 0 errors)
   Processed 45925 rows... (44300 imported, 1625 skipped, 0 errors)
   Processed 46000 rows... (44350 imported, 1625 skipped, 0 errors)
   Processed 46025 rows... (44400 imported, 1625 skipped, 0 errors)
   Processed 46137 rows... (44500 imported, 1637 skipped, 0 errors)
   Processed 46241 rows... (44600 imported, 1641 skipped, 0 errors)
   Processed 46343 rows... (44700 imported, 1643 skipped, 0 errors)
   Processed 46450 rows... (44800 imported, 1650 skipped, 0 errors)
   Processed 46550 rows... (44900 imported, 1650 skipped, 0 errors)
   Processed 46658 rows... (45000 imported, 1658 skipped, 0 errors)
   Processed 46786 rows... (45100 imported, 1686 skipped, 0 errors)
   Processed 46889 rows... (45200 imported, 1689 skipped, 0 errors)
   Processed 46989 rows... (45300 imported, 1689 skipped, 0 errors)
   Processed 47000 rows... (45300 imported, 1689 skipped, 0 errors)
   Processed 47092 rows... (45400 imported, 1692 skipped, 0 errors)
   Processed 47194 rows... (45500 imported, 1694 skipped, 0 errors)
   Processed 47295 rows... (45600 imported, 1695 skipped, 0 errors)
   Processed 47396 rows... (45700 imported, 1696 skipped, 0 errors)
   Processed 47498 rows... (45800 imported, 1698 skipped, 0 errors)
   Processed 47605 rows... (45900 imported, 1705 skipped, 0 errors)
   Processed 47705 rows... (46000 imported, 1705 skipped, 0 errors)
   Processed 47805 rows... (46100 imported, 1705 skipped, 0 errors)
   Processed 47907 rows... (46200 imported, 1707 skipped, 0 errors)
   Processed 48000 rows... (46250 imported, 1709 skipped, 0 errors)
   Processed 48009 rows... (46300 imported, 1709 skipped, 0 errors)
   Processed 48109 rows... (46400 imported, 1709 skipped, 0 errors)
   Processed 48231 rows... (46500 imported, 1731 skipped, 0 errors)
   Processed 48347 rows... (46600 imported, 1747 skipped, 0 errors)
   Processed 48459 rows... (46700 imported, 1759 skipped, 0 errors)
   Processed 48559 rows... (46800 imported, 1759 skipped, 0 errors)
   Processed 48664 rows... (46900 imported, 1764 skipped, 0 errors)
   Processed 48772 rows... (47000 imported, 1772 skipped, 0 errors)
   Processed 48873 rows... (47100 imported, 1773 skipped, 0 errors)
   Processed 48974 rows... (47200 imported, 1774 skipped, 0 errors)
   Processed 49000 rows... (47200 imported, 1779 skipped, 0 errors)
   Processed 49088 rows... (47300 imported, 1788 skipped, 0 errors)
   Processed 49188 rows... (47400 imported, 1788 skipped, 0 errors)
   Processed 49295 rows... (47500 imported, 1795 skipped, 0 errors)
   Processed 49395 rows... (47600 imported, 1795 skipped, 0 errors)
   Processed 49495 rows... (47700 imported, 1795 skipped, 0 errors)
   Processed 49595 rows... (47800 imported, 1795 skipped, 0 errors)
   Processed 49698 rows... (47900 imported, 1798 skipped, 0 errors)
   Processed 49798 rows... (48000 imported, 1798 skipped, 0 errors)
   Processed 49899 rows... (48100 imported, 1799 skipped, 0 errors)
   Processed 49999 rows... (48200 imported, 1799 skipped, 0 errors)
   Processed 50000 rows... (48200 imported, 1799 skipped, 0 errors)
   Processed 50103 rows... (48300 imported, 1803 skipped, 0 errors)
   Processed 50206 rows... (48400 imported, 1806 skipped, 0 errors)
   Processed 50306 rows... (48500 imported, 1806 skipped, 0 errors)
   Processed 50406 rows... (48600 imported, 1806 skipped, 0 errors)
   Processed 50506 rows... (48700 imported, 1806 skipped, 0 errors)
   Processed 50617 rows... (48800 imported, 1817 skipped, 0 errors)
   Processed 50717 rows... (48900 imported, 1817 skipped, 0 errors)
   Processed 50826 rows... (49000 imported, 1826 skipped, 0 errors)
   Processed 50926 rows... (49100 imported, 1826 skipped, 0 errors)
   Processed 51000 rows... (49150 imported, 1831 skipped, 0 errors)
   Processed 51031 rows... (49200 imported, 1831 skipped, 0 errors)
   Processed 51134 rows... (49300 imported, 1834 skipped, 0 errors)
   Processed 51235 rows... (49400 imported, 1835 skipped, 0 errors)
   Processed 51336 rows... (49500 imported, 1836 skipped, 0 errors)
   Processed 51436 rows... (49600 imported, 1836 skipped, 0 errors)
   Processed 51536 rows... (49700 imported, 1836 skipped, 0 errors)
   Processed 51636 rows... (49800 imported, 1836 skipped, 0 errors)
   Processed 51741 rows... (49900 imported, 1841 skipped, 0 errors)
   Processed 51841 rows... (50000 imported, 1841 skipped, 0 errors)
   Processed 51941 rows... (50100 imported, 1841 skipped, 0 errors)
   Processed 52000 rows... (50150 imported, 1841 skipped, 0 errors)
   Processed 52045 rows... (50200 imported, 1845 skipped, 0 errors)
   Processed 52290 rows... (50300 imported, 1990 skipped, 0 errors)
   Processed 52390 rows... (50400 imported, 1990 skipped, 0 errors)
   Processed 52490 rows... (50500 imported, 1990 skipped, 0 errors)
   Processed 52590 rows... (50600 imported, 1990 skipped, 0 errors)
   Processed 52696 rows... (50700 imported, 1996 skipped, 0 errors)
   Processed 52796 rows... (50800 imported, 1996 skipped, 0 errors)
   Processed 52896 rows... (50900 imported, 1996 skipped, 0 errors)
   Processed 53000 rows... (50950 imported, 2012 skipped, 0 errors)
   Processed 53038 rows... (51000 imported, 2038 skipped, 0 errors)
   Processed 53238 rows... (51100 imported, 2138 skipped, 0 errors)
   Processed 53338 rows... (51200 imported, 2138 skipped, 0 errors)
   Processed 53438 rows... (51300 imported, 2138 skipped, 0 errors)
   Processed 53538 rows... (51400 imported, 2138 skipped, 0 errors)
   Processed 53756 rows... (51500 imported, 2256 skipped, 0 errors)
   Processed 53897 rows... (51600 imported, 2297 skipped, 0 errors)
   Processed 53999 rows... (51700 imported, 2299 skipped, 0 errors)
   Processed 54000 rows... (51700 imported, 2299 skipped, 0 errors)
   Processed 54099 rows... (51800 imported, 2299 skipped, 0 errors)
   Processed 54203 rows... (51900 imported, 2303 skipped, 0 errors)
   Processed 54306 rows... (52000 imported, 2306 skipped, 0 errors)
   Processed 54408 rows... (52100 imported, 2308 skipped, 0 errors)
   Processed 54595 rows... (52200 imported, 2395 skipped, 0 errors)
   Processed 54720 rows... (52300 imported, 2420 skipped, 0 errors)
   Processed 54826 rows... (52400 imported, 2426 skipped, 0 errors)
   Processed 54966 rows... (52500 imported, 2466 skipped, 0 errors)
   Processed 55000 rows... (52500 imported, 2467 skipped, 0 errors)
   Processed 55067 rows... (52600 imported, 2467 skipped, 0 errors)
   Processed 55167 rows... (52700 imported, 2467 skipped, 0 errors)
   Processed 55285 rows... (52800 imported, 2485 skipped, 0 errors)
   Processed 55386 rows... (52900 imported, 2486 skipped, 0 errors)
   Processed 55486 rows... (53000 imported, 2486 skipped, 0 errors)
   Processed 55586 rows... (53100 imported, 2486 skipped, 0 errors)
   Processed 55686 rows... (53200 imported, 2486 skipped, 0 errors)
   Processed 55786 rows... (53300 imported, 2486 skipped, 0 errors)
   Processed 55886 rows... (53400 imported, 2486 skipped, 0 errors)
   Processed 55986 rows... (53500 imported, 2486 skipped, 0 errors)
   Processed 56000 rows... (53500 imported, 2486 skipped, 0 errors)
   Processed 56086 rows... (53600 imported, 2486 skipped, 0 errors)
   Processed 56186 rows... (53700 imported, 2486 skipped, 0 errors)
   Processed 56286 rows... (53800 imported, 2486 skipped, 0 errors)
   Processed 56387 rows... (53900 imported, 2487 skipped, 0 errors)
prisma:error Error in PostgreSQL connection: Error { kind: Closed, cause: None }
prisma:error Error in PostgreSQL connection: Error { kind: Closed, cause: None }
   Processed 56491 rows... (54000 imported, 2491 skipped, 0 errors)
   Processed 56591 rows... (54100 imported, 2491 skipped, 0 errors)
   Processed 56691 rows... (54200 imported, 2491 skipped, 0 errors)
   Processed 56792 rows... (54300 imported, 2492 skipped, 0 errors)
   Processed 56892 rows... (54400 imported, 2492 skipped, 0 errors)
   Processed 56999 rows... (54500 imported, 2499 skipped, 0 errors)
   Processed 57000 rows... (54500 imported, 2499 skipped, 0 errors)
   Processed 57099 rows... (54600 imported, 2499 skipped, 0 errors)
   Processed 57199 rows... (54700 imported, 2499 skipped, 0 errors)
   Processed 57299 rows... (54800 imported, 2499 skipped, 0 errors)
   Processed 57399 rows... (54900 imported, 2499 skipped, 0 errors)
   Processed 57499 rows... (55000 imported, 2499 skipped, 0 errors)
   Processed 57601 rows... (55100 imported, 2501 skipped, 0 errors)
   Processed 57702 rows... (55200 imported, 2502 skipped, 0 errors)
   Processed 57802 rows... (55300 imported, 2502 skipped, 0 errors)
   Processed 57908 rows... (55400 imported, 2508 skipped, 0 errors)
   Processed 58000 rows... (55450 imported, 2511 skipped, 0 errors)
   Processed 58011 rows... (55500 imported, 2511 skipped, 0 errors)
   Processed 58112 rows... (55600 imported, 2512 skipped, 0 errors)
   Processed 58212 rows... (55700 imported, 2512 skipped, 0 errors)
   Processed 58312 rows... (55800 imported, 2512 skipped, 0 errors)
   Processed 58416 rows... (55900 imported, 2516 skipped, 0 errors)
   Processed 58516 rows... (56000 imported, 2516 skipped, 0 errors)
   Processed 58638 rows... (56100 imported, 2538 skipped, 0 errors)
   Processed 58812 rows... (56200 imported, 2612 skipped, 0 errors)
   Processed 58912 rows... (56300 imported, 2612 skipped, 0 errors)
   Processed 59000 rows... (56350 imported, 2620 skipped, 0 errors)
   Processed 59020 rows... (56400 imported, 2620 skipped, 0 errors)
   Processed 59131 rows... (56500 imported, 2631 skipped, 0 errors)
   Processed 59232 rows... (56600 imported, 2632 skipped, 0 errors)
   Processed 59332 rows... (56700 imported, 2632 skipped, 0 errors)
   Processed 59432 rows... (56800 imported, 2632 skipped, 0 errors)
   Processed 59532 rows... (56900 imported, 2632 skipped, 0 errors)
   Processed 59632 rows... (57000 imported, 2632 skipped, 0 errors)
   Processed 59732 rows... (57100 imported, 2632 skipped, 0 errors)
   Processed 59832 rows... (57200 imported, 2632 skipped, 0 errors)
   Processed 59932 rows... (57300 imported, 2632 skipped, 0 errors)
   Processed 60000 rows... (57350 imported, 2636 skipped, 0 errors)
   Processed 60036 rows... (57400 imported, 2636 skipped, 0 errors)
   Processed 60136 rows... (57500 imported, 2636 skipped, 0 errors)
   Processed 60236 rows... (57600 imported, 2636 skipped, 0 errors)
   Processed 60336 rows... (57700 imported, 2636 skipped, 0 errors)
   Processed 60436 rows... (57800 imported, 2636 skipped, 0 errors)
   Processed 60538 rows... (57900 imported, 2638 skipped, 0 errors)
   Processed 60640 rows... (58000 imported, 2640 skipped, 0 errors)
   Processed 60763 rows... (58100 imported, 2663 skipped, 0 errors)
   Processed 60875 rows... (58200 imported, 2675 skipped, 0 errors)
   Processed 60976 rows... (58300 imported, 2676 skipped, 0 errors)
   Processed 61000 rows... (58300 imported, 2682 skipped, 0 errors)
   Processed 61090 rows... (58400 imported, 2690 skipped, 0 errors)
   Processed 61191 rows... (58500 imported, 2691 skipped, 0 errors)
   Processed 61293 rows... (58600 imported, 2693 skipped, 0 errors)
   Processed 61393 rows... (58700 imported, 2693 skipped, 0 errors)
   Processed 61494 rows... (58800 imported, 2694 skipped, 0 errors)
   Processed 61595 rows... (58900 imported, 2695 skipped, 0 errors)
   Processed 61695 rows... (59000 imported, 2695 skipped, 0 errors)
   Processed 61795 rows... (59100 imported, 2695 skipped, 0 errors)
   Processed 61895 rows... (59200 imported, 2695 skipped, 0 errors)
   Processed 61995 rows... (59300 imported, 2695 skipped, 0 errors)
   Processed 62000 rows... (59300 imported, 2695 skipped, 0 errors)
   Processed 62100 rows... (59400 imported, 2700 skipped, 0 errors)
   Processed 62201 rows... (59500 imported, 2701 skipped, 0 errors)
   Processed 62301 rows... (59600 imported, 2701 skipped, 0 errors)
   Processed 62401 rows... (59700 imported, 2701 skipped, 0 errors)
   Processed 62501 rows... (59800 imported, 2701 skipped, 0 errors)
   Processed 62606 rows... (59900 imported, 2706 skipped, 0 errors)
   Processed 62706 rows... (60000 imported, 2706 skipped, 0 errors)
   Processed 62807 rows... (60100 imported, 2707 skipped, 0 errors)
   Processed 62907 rows... (60200 imported, 2707 skipped, 0 errors)
   Processed 63000 rows... (60250 imported, 2707 skipped, 0 errors)
   Processed 63007 rows... (60300 imported, 2707 skipped, 0 errors)
   Processed 63107 rows... (60400 imported, 2707 skipped, 0 errors)
   Processed 63207 rows... (60500 imported, 2707 skipped, 0 errors)
   Processed 63312 rows... (60600 imported, 2712 skipped, 0 errors)
   Processed 63414 rows... (60700 imported, 2714 skipped, 0 errors)
   Processed 63515 rows... (60800 imported, 2715 skipped, 0 errors)
   Processed 63618 rows... (60900 imported, 2718 skipped, 0 errors)
   Processed 63722 rows... (61000 imported, 2722 skipped, 0 errors)
   Processed 63823 rows... (61100 imported, 2723 skipped, 0 errors)
   Processed 63923 rows... (61200 imported, 2723 skipped, 0 errors)
   Processed 64000 rows... (61250 imported, 2723 skipped, 0 errors)
   Processed 64023 rows... (61300 imported, 2723 skipped, 0 errors)
   Processed 64123 rows... (61400 imported, 2723 skipped, 0 errors)
   Processed 64223 rows... (61500 imported, 2723 skipped, 0 errors)
   Processed 64323 rows... (61600 imported, 2723 skipped, 0 errors)
   Processed 64423 rows... (61700 imported, 2723 skipped, 0 errors)
   Processed 64524 rows... (61800 imported, 2724 skipped, 0 errors)
   Processed 64624 rows... (61900 imported, 2724 skipped, 0 errors)
   Processed 64725 rows... (62000 imported, 2725 skipped, 0 errors)
   Processed 64825 rows... (62100 imported, 2725 skipped, 0 errors)
   Processed 64925 rows... (62200 imported, 2725 skipped, 0 errors)
   Processed 65000 rows... (62250 imported, 2726 skipped, 0 errors)
   Processed 65026 rows... (62300 imported, 2726 skipped, 0 errors)
   Processed 65126 rows... (62400 imported, 2726 skipped, 0 errors)
   Processed 65227 rows... (62500 imported, 2727 skipped, 0 errors)
   Processed 65327 rows... (62600 imported, 2727 skipped, 0 errors)
   Processed 65427 rows... (62700 imported, 2727 skipped, 0 errors)
   Processed 65529 rows... (62800 imported, 2729 skipped, 0 errors)
   Processed 65633 rows... (62900 imported, 2733 skipped, 0 errors)
   Processed 65734 rows... (63000 imported, 2734 skipped, 0 errors)
   Processed 65835 rows... (63100 imported, 2735 skipped, 0 errors)
   Processed 65935 rows... (63200 imported, 2735 skipped, 0 errors)
   Processed 66000 rows... (63250 imported, 2735 skipped, 0 errors)
   Processed 66038 rows... (63300 imported, 2738 skipped, 0 errors)
   Processed 66141 rows... (63400 imported, 2741 skipped, 0 errors)
   Processed 66241 rows... (63500 imported, 2741 skipped, 0 errors)
   Processed 66345 rows... (63600 imported, 2745 skipped, 0 errors)
   Processed 66445 rows... (63700 imported, 2745 skipped, 0 errors)
   Processed 66548 rows... (63800 imported, 2748 skipped, 0 errors)
   Processed 66650 rows... (63900 imported, 2750 skipped, 0 errors)
   Processed 66750 rows... (64000 imported, 2750 skipped, 0 errors)
   Processed 66850 rows... (64100 imported, 2750 skipped, 0 errors)
   Processed 66952 rows... (64200 imported, 2752 skipped, 0 errors)
   Processed 67000 rows... (64200 imported, 2752 skipped, 0 errors)
   Processed 67052 rows... (64300 imported, 2752 skipped, 0 errors)
   Processed 67152 rows... (64400 imported, 2752 skipped, 0 errors)
   Processed 67255 rows... (64500 imported, 2755 skipped, 0 errors)
   Processed 67355 rows... (64600 imported, 2755 skipped, 0 errors)
   Processed 67455 rows... (64700 imported, 2755 skipped, 0 errors)
   Processed 67555 rows... (64800 imported, 2755 skipped, 0 errors)
   Processed 67657 rows... (64900 imported, 2757 skipped, 0 errors)
   Processed 67757 rows... (65000 imported, 2757 skipped, 0 errors)
   Processed 67857 rows... (65100 imported, 2757 skipped, 0 errors)
   Processed 67957 rows... (65200 imported, 2757 skipped, 0 errors)
   Processed 68000 rows... (65200 imported, 2758 skipped, 0 errors)
   Processed 68058 rows... (65300 imported, 2758 skipped, 0 errors)
   Processed 68162 rows... (65400 imported, 2762 skipped, 0 errors)
   Processed 68262 rows... (65500 imported, 2762 skipped, 0 errors)
   Processed 68364 rows... (65600 imported, 2764 skipped, 0 errors)
   Processed 68469 rows... (65700 imported, 2769 skipped, 0 errors)
   Processed 68569 rows... (65800 imported, 2769 skipped, 0 errors)
   Processed 68669 rows... (65900 imported, 2769 skipped, 0 errors)
   Processed 68769 rows... (66000 imported, 2769 skipped, 0 errors)
   Processed 68870 rows... (66100 imported, 2770 skipped, 0 errors)
   Processed 68970 rows... (66200 imported, 2770 skipped, 0 errors)
   Processed 69000 rows... (66200 imported, 2770 skipped, 0 errors)
   Processed 69070 rows... (66300 imported, 2770 skipped, 0 errors)
   Processed 69170 rows... (66400 imported, 2770 skipped, 0 errors)
   Processed 69271 rows... (66500 imported, 2771 skipped, 0 errors)
   Processed 69371 rows... (66600 imported, 2771 skipped, 0 errors)
   Processed 69472 rows... (66700 imported, 2772 skipped, 0 errors)
   Processed 69572 rows... (66800 imported, 2772 skipped, 0 errors)
   Processed 69673 rows... (66900 imported, 2773 skipped, 0 errors)
   Processed 69829 rows... (67000 imported, 2829 skipped, 0 errors)
   Processed 69930 rows... (67100 imported, 2830 skipped, 0 errors)
   Processed 70000 rows... (67150 imported, 2830 skipped, 0 errors)
   Processed 70030 rows... (67200 imported, 2830 skipped, 0 errors)
   Processed 70137 rows... (67300 imported, 2837 skipped, 0 errors)
   Processed 70237 rows... (67400 imported, 2837 skipped, 0 errors)
   Processed 70337 rows... (67500 imported, 2837 skipped, 0 errors)
   Processed 70437 rows... (67600 imported, 2837 skipped, 0 errors)
   Processed 70537 rows... (67700 imported, 2837 skipped, 0 errors)
   Processed 70637 rows... (67800 imported, 2837 skipped, 0 errors)
   Processed 70745 rows... (67900 imported, 2845 skipped, 0 errors)
   Processed 70849 rows... (68000 imported, 2849 skipped, 0 errors)
   Processed 70954 rows... (68100 imported, 2854 skipped, 0 errors)
   Processed 71000 rows... (68100 imported, 2854 skipped, 0 errors)
   Processed 71054 rows... (68200 imported, 2854 skipped, 0 errors)
   Processed 71155 rows... (68300 imported, 2855 skipped, 0 errors)
   Processed 71255 rows... (68400 imported, 2855 skipped, 0 errors)
   Processed 71355 rows... (68500 imported, 2855 skipped, 0 errors)
   Processed 71455 rows... (68600 imported, 2855 skipped, 0 errors)
   Processed 71555 rows... (68700 imported, 2855 skipped, 0 errors)
   Processed 71655 rows... (68800 imported, 2855 skipped, 0 errors)
   Processed 71755 rows... (68900 imported, 2855 skipped, 0 errors)
   Processed 71858 rows... (69000 imported, 2858 skipped, 0 errors)
   Processed 71960 rows... (69100 imported, 2860 skipped, 0 errors)
   Processed 72000 rows... (69100 imported, 2862 skipped, 0 errors)
   Processed 72104 rows... (69200 imported, 2904 skipped, 0 errors)
   Processed 72212 rows... (69300 imported, 2912 skipped, 0 errors)
   Processed 72312 rows... (69400 imported, 2912 skipped, 0 errors)
   Processed 72412 rows... (69500 imported, 2912 skipped, 0 errors)
   Processed 72513 rows... (69600 imported, 2913 skipped, 0 errors)
   Processed 72618 rows... (69700 imported, 2918 skipped, 0 errors)
   Processed 72721 rows... (69800 imported, 2921 skipped, 0 errors)
   Processed 72824 rows... (69900 imported, 2924 skipped, 0 errors)
   Processed 72926 rows... (70000 imported, 2926 skipped, 0 errors)
   Processed 73000 rows... (70050 imported, 2926 skipped, 0 errors)
   Processed 73038 rows... (70100 imported, 2938 skipped, 0 errors)
   Processed 73141 rows... (70200 imported, 2941 skipped, 0 errors)
   Processed 73241 rows... (70300 imported, 2941 skipped, 0 errors)
   Processed 73341 rows... (70400 imported, 2941 skipped, 0 errors)
   Processed 73441 rows... (70500 imported, 2941 skipped, 0 errors)
   Processed 73541 rows... (70600 imported, 2941 skipped, 0 errors)
   Processed 73643 rows... (70700 imported, 2943 skipped, 0 errors)
   Processed 73753 rows... (70800 imported, 2953 skipped, 0 errors)
   Processed 73853 rows... (70900 imported, 2953 skipped, 0 errors)
   Processed 73953 rows... (71000 imported, 2953 skipped, 0 errors)
   Processed 74000 rows... (71000 imported, 2954 skipped, 0 errors)
   Processed 74056 rows... (71100 imported, 2956 skipped, 0 errors)
   Processed 74157 rows... (71200 imported, 2957 skipped, 0 errors)
   Processed 74257 rows... (71300 imported, 2957 skipped, 0 errors)
   Processed 74357 rows... (71400 imported, 2957 skipped, 0 errors)
   Processed 74458 rows... (71500 imported, 2958 skipped, 0 errors)
   Processed 74558 rows... (71600 imported, 2958 skipped, 0 errors)
   Processed 74660 rows... (71700 imported, 2960 skipped, 0 errors)
   Processed 74760 rows... (71800 imported, 2960 skipped, 0 errors)
   Processed 74862 rows... (71900 imported, 2962 skipped, 0 errors)
   Processed 74962 rows... (72000 imported, 2962 skipped, 0 errors)
   Processed 75000 rows... (72000 imported, 2962 skipped, 0 errors)
   Processed 75064 rows... (72100 imported, 2964 skipped, 0 errors)
   Processed 75164 rows... (72200 imported, 2964 skipped, 0 errors)
   Processed 75264 rows... (72300 imported, 2964 skipped, 0 errors)
   Processed 75364 rows... (72400 imported, 2964 skipped, 0 errors)
   Processed 75464 rows... (72500 imported, 2964 skipped, 0 errors)
   Processed 75566 rows... (72600 imported, 2966 skipped, 0 errors)
   Processed 75666 rows... (72700 imported, 2966 skipped, 0 errors)
   Processed 75766 rows... (72800 imported, 2966 skipped, 0 errors)
   Processed 75871 rows... (72900 imported, 2971 skipped, 0 errors)
   Processed 75976 rows... (73000 imported, 2976 skipped, 0 errors)
   Processed 76000 rows... (73000 imported, 2980 skipped, 0 errors)
   Processed 76080 rows... (73100 imported, 2980 skipped, 0 errors)
   Processed 76184 rows... (73200 imported, 2984 skipped, 0 errors)
   Processed 76284 rows... (73300 imported, 2984 skipped, 0 errors)
   Processed 76389 rows... (73400 imported, 2989 skipped, 0 errors)
   Processed 76489 rows... (73500 imported, 2989 skipped, 0 errors)
   Processed 76589 rows... (73600 imported, 2989 skipped, 0 errors)
   Processed 76689 rows... (73700 imported, 2989 skipped, 0 errors)
   Processed 76789 rows... (73800 imported, 2989 skipped, 0 errors)
   Processed 76889 rows... (73900 imported, 2989 skipped, 0 errors)
   Processed 76991 rows... (74000 imported, 2991 skipped, 0 errors)
   Processed 77000 rows... (74000 imported, 2991 skipped, 0 errors)
   Processed 77091 rows... (74100 imported, 2991 skipped, 0 errors)
   Processed 77191 rows... (74200 imported, 2991 skipped, 0 errors)
   Processed 77291 rows... (74300 imported, 2991 skipped, 0 errors)
   Processed 77391 rows... (74400 imported, 2991 skipped, 0 errors)
   Processed 77510 rows... (74500 imported, 3010 skipped, 0 errors)
   Processed 77612 rows... (74600 imported, 3012 skipped, 0 errors)
   Processed 77713 rows... (74700 imported, 3013 skipped, 0 errors)
   Processed 77818 rows... (74800 imported, 3018 skipped, 0 errors)
   Processed 77922 rows... (74900 imported, 3022 skipped, 0 errors)
   Processed 78000 rows... (74950 imported, 3022 skipped, 0 errors)
   Processed 78022 rows... (75000 imported, 3022 skipped, 0 errors)
   Processed 78122 rows... (75100 imported, 3022 skipped, 0 errors)
   Processed 78222 rows... (75200 imported, 3022 skipped, 0 errors)
   Processed 78322 rows... (75300 imported, 3022 skipped, 0 errors)
   Processed 78422 rows... (75400 imported, 3022 skipped, 0 errors)
   Processed 78522 rows... (75500 imported, 3022 skipped, 0 errors)
   Processed 78623 rows... (75600 imported, 3023 skipped, 0 errors)
   Processed 78724 rows... (75700 imported, 3024 skipped, 0 errors)
   Processed 78830 rows... (75800 imported, 3030 skipped, 0 errors)
   Processed 78932 rows... (75900 imported, 3032 skipped, 0 errors)
   Processed 79000 rows... (75950 imported, 3035 skipped, 0 errors)
   Processed 79039 rows... (76000 imported, 3039 skipped, 0 errors)
   Processed 79139 rows... (76100 imported, 3039 skipped, 0 errors)
   Processed 79241 rows... (76200 imported, 3041 skipped, 0 errors)
   Processed 79341 rows... (76300 imported, 3041 skipped, 0 errors)
   Processed 79441 rows... (76400 imported, 3041 skipped, 0 errors)
   Processed 79541 rows... (76500 imported, 3041 skipped, 0 errors)
   Processed 79641 rows... (76600 imported, 3041 skipped, 0 errors)
   Processed 79741 rows... (76700 imported, 3041 skipped, 0 errors)
   Processed 79841 rows... (76800 imported, 3041 skipped, 0 errors)
   Processed 79941 rows... (76900 imported, 3041 skipped, 0 errors)
   Processed 80000 rows... (76950 imported, 3042 skipped, 0 errors)
   Processed 80042 rows... (77000 imported, 3042 skipped, 0 errors)
   Processed 80142 rows... (77100 imported, 3042 skipped, 0 errors)
   Processed 80242 rows... (77200 imported, 3042 skipped, 0 errors)
   Processed 80342 rows... (77300 imported, 3042 skipped, 0 errors)
   Processed 80443 rows... (77400 imported, 3043 skipped, 0 errors)
   Processed 80548 rows... (77500 imported, 3048 skipped, 0 errors)
   Processed 80651 rows... (77600 imported, 3051 skipped, 0 errors)
   Processed 80751 rows... (77700 imported, 3051 skipped, 0 errors)
   Processed 80857 rows... (77800 imported, 3057 skipped, 0 errors)
   Processed 80958 rows... (77900 imported, 3058 skipped, 0 errors)
   Processed 81000 rows... (77900 imported, 3058 skipped, 0 errors)
   Processed 81058 rows... (78000 imported, 3058 skipped, 0 errors)
   Processed 81158 rows... (78100 imported, 3058 skipped, 0 errors)
   Processed 81259 rows... (78200 imported, 3059 skipped, 0 errors)
   Processed 81360 rows... (78300 imported, 3060 skipped, 0 errors)
   Processed 81461 rows... (78400 imported, 3061 skipped, 0 errors)
   Processed 81562 rows... (78500 imported, 3062 skipped, 0 errors)
   Processed 81662 rows... (78600 imported, 3062 skipped, 0 errors)
   Processed 81764 rows... (78700 imported, 3064 skipped, 0 errors)
   Processed 81865 rows... (78800 imported, 3065 skipped, 0 errors)
   Processed 81969 rows... (78900 imported, 3069 skipped, 0 errors)
   Processed 82000 rows... (78900 imported, 3069 skipped, 0 errors)
   Processed 82079 rows... (79000 imported, 3079 skipped, 0 errors)
   Processed 82181 rows... (79100 imported, 3081 skipped, 0 errors)
   Processed 82281 rows... (79200 imported, 3081 skipped, 0 errors)
   Processed 82381 rows... (79300 imported, 3081 skipped, 0 errors)
   Processed 82482 rows... (79400 imported, 3082 skipped, 0 errors)
   Processed 82582 rows... (79500 imported, 3082 skipped, 0 errors)
   Processed 82685 rows... (79600 imported, 3085 skipped, 0 errors)
   Processed 82787 rows... (79700 imported, 3087 skipped, 0 errors)
   Processed 82889 rows... (79800 imported, 3089 skipped, 0 errors)
   Processed 82989 rows... (79900 imported, 3089 skipped, 0 errors)
   Processed 83000 rows... (79900 imported, 3089 skipped, 0 errors)
   Processed 83089 rows... (80000 imported, 3089 skipped, 0 errors)
   Processed 83194 rows... (80100 imported, 3094 skipped, 0 errors)
   Processed 83294 rows... (80200 imported, 3094 skipped, 0 errors)
   Processed 83394 rows... (80300 imported, 3094 skipped, 0 errors)
   Processed 83519 rows... (80400 imported, 3119 skipped, 0 errors)
   Processed 83630 rows... (80500 imported, 3130 skipped, 0 errors)
   Processed 83730 rows... (80600 imported, 3130 skipped, 0 errors)
